Build started 23/07/2015 17:56:20.
     1>Project "H:\Dissertation\Dissertation\example code\CollaborativePathFinding\CBSAstar\CBSAstar.vcxproj" on node 2 (Build target(s)).
     1>ClCompile:
         C:\Program Files (x86)\Microsoft Visual Studio 12.0\VC\bin\CL.exe /c /ZI /nologo /W3 /WX- /sdl /Od /Oy- /D WIN32 /D _DEBUG /D _CONSOLE /D _LIB /D _UNICODE /D UNICODE /Gm /EHsc /RTC1 /MDd /GS /fp:precise /Zc:wchar_t /Zc:forScope /Fo"Debug\\" /Fd"Debug\vc120.pdb" /Gd /TP /analyze- /errorReport:prompt CBTNode.cpp ConstraintTree.cpp FileManager.cpp Location.cpp main.cpp Map.cpp MAPF.cpp Menu.cpp Node.cpp ReservationTable.cpp Agent.cpp
         Agent.cpp
         ReservationTable.cpp
         Node.cpp
         Menu.cpp
         MAPF.cpp
     1>h:\dissertation\dissertation\example code\collaborativepathfinding\cbsastar\mapf.cpp(451): warning C4018: '<' : signed/unsigned mismatch
     1>h:\dissertation\dissertation\example code\collaborativepathfinding\cbsastar\mapf.cpp(452): warning C4018: '<' : signed/unsigned mismatch
     1>h:\dissertation\dissertation\example code\collaborativepathfinding\cbsastar\mapf.cpp(642): warning C4018: '<' : signed/unsigned mismatch
     1>h:\dissertation\dissertation\example code\collaborativepathfinding\cbsastar\mapf.cpp(643): warning C4018: '<' : signed/unsigned mismatch
     1>h:\dissertation\dissertation\example code\collaborativepathfinding\cbsastar\mapf.cpp(923): warning C4018: '<' : signed/unsigned mismatch
     1>h:\dissertation\dissertation\example code\collaborativepathfinding\cbsastar\mapf.cpp(1023): warning C4018: '<' : signed/unsigned mismatch
     1>h:\dissertation\dissertation\example code\collaborativepathfinding\cbsastar\mapf.cpp(1024): warning C4018: '<' : signed/unsigned mismatch
         Map.cpp
         main.cpp
         Location.cpp
         FileManager.cpp
         ConstraintTree.cpp
         CBTNode.cpp
     1>h:\dissertation\dissertation\example code\collaborativepathfinding\cbsastar\cbtnode.cpp(293): warning C4018: '<' : signed/unsigned mismatch
     1>h:\dissertation\dissertation\example code\collaborativepathfinding\cbsastar\cbtnode.cpp(294): warning C4018: '<' : signed/unsigned mismatch
         Generating Code...
       Link:
         C:\Program Files (x86)\Microsoft Visual Studio 12.0\VC\bin\link.exe /ERRORREPORT:PROMPT /OUT:"H:\Dissertation\Dissertation\example code\CollaborativePathFinding\Debug\CBSAstar.exe" /INCREMENTAL /NOLOGO kernel32.lib user32.lib gdi32.lib winspool.lib comdlg32.lib advapi32.lib shell32.lib ole32.lib oleaut32.lib uuid.lib odbc32.lib odbccp32.lib /MANIFEST /MANIFESTUAC:"level='asInvoker' uiAccess='false'" /manifest:embed /DEBUG /PDB:"H:\Dissertation\Dissertation\example code\CollaborativePathFinding\Debug\CBSAstar.pdb" /SUBSYSTEM:CONSOLE /TLBID:1 /DYNAMICBASE /NXCOMPAT /IMPLIB:"H:\Dissertation\Dissertation\example code\CollaborativePathFinding\Debug\CBSAstar.lib" /MACHINE:X86 Debug\CBTNode.obj
         Debug\ConstraintTree.obj
         Debug\FileManager.obj
         Debug\Location.obj
         Debug\main.obj
         Debug\Map.obj
         Debug\MAPF.obj
         Debug\Menu.obj
         Debug\Node.obj
         Debug\ReservationTable.obj
         Debug\Agent.obj
         CBSAstar.vcxproj -> H:\Dissertation\Dissertation\example code\CollaborativePathFinding\Debug\CBSAstar.exe
     1>Done Building Project "H:\Dissertation\Dissertation\example code\CollaborativePathFinding\CBSAstar\CBSAstar.vcxproj" (Build target(s)).

Build succeeded.

Time Elapsed 00:00:12.88
